<?xml version="1.0" encoding="UTF-8"?>
<!-- Generated by org.testng.reporters.JUnitXMLReporter -->
<testsuite hostname="Meghavis-MacBook-Air.local" ignored="0" name="Command line test" tests="2" failures="1" timestamp="2023-04-29T20:35:35 EDT" time="20.069" errors="0">
  <testcase name="@BeforeMethod openBrowser" time="0.005" classname="Assigment3selenium.WebPageTest">
    <failure type="java.io.FileNotFoundException" message="config_file_location\browsername.properties (No such file or directory)">
      <![CDATA[java.io.FileNotFoundException: config_file_location\browsername.properties (No such file or directory)
at java.io.FileInputStream.open0(Native Method)
at java.io.FileInputStream.open(FileInputStream.java:195)
at java.io.FileInputStream.<init>(FileInputStream.java:138)
at java.io.FileInputStream.<init>(FileInputStream.java:93)
at Assigment3selenium.WebPageTest.getBrowser(WebPageTest.java:31)
at Assigment3selenium.WebPageTest.openBrowser(WebPageTest.java:56)
at java.util.ArrayList.forEach(ArrayList.java:1259)
... Removed 41 stack frames]]>
    </failure>
  </testcase> <!-- @BeforeMethod openBrowser -->
  <testcase name="testRun" time="0.0" classname="Assigment3selenium.WebPageTest">
    <skipped/>
  </testcase> <!-- testRun -->
  <testcase name="getRequirement3Test" time="20.005" classname="Assigment3selenium.Requirement_3Test">
    <failure type="java.lang.NullPointerException">
      <![CDATA[java.lang.NullPointerException
at Assigment3selenium.Requirement_3Test.lambda$getRequirement3Test$0(Requirement_3Test.java:40)
at java.util.TimSort.countRunAndMakeAscending(TimSort.java:355)
at java.util.TimSort.sort(TimSort.java:220)
at java.util.Arrays.sort(Arrays.java:1512)
at java.util.ArrayList.sort(ArrayList.java:1464)
at java.util.Collections.sort(Collections.java:177)
at Assigment3selenium.Requirement_3Test.getRequirement3Test(Requirement_3Test.java:40)
at java.util.ArrayList.forEach(ArrayList.java:1259)
... Removed 37 stack frames]]>
    </failure>
  </testcase> <!-- getRequirement3Test -->
</testsuite> <!-- Command line test -->
